[2025-05-14 06:55:17Z INFO HostContext] No proxy settings were found based on environmental variables (http_proxy/https_proxy/HTTP_PROXY/HTTPS_PROXY)
[2025-05-14 06:55:17Z INFO HostContext] Well known directory 'Bin': 'D:\projects\philips\satmeup\.github-runner\bin'
[2025-05-14 06:55:17Z INFO HostContext] Well known directory 'Root': 'D:\projects\philips\satmeup\.github-runner'
[2025-05-14 06:55:17Z INFO HostContext] Well known config file 'Credentials': 'D:\projects\philips\satmeup\.github-runner\.credentials'
[2025-05-14 06:55:17Z INFO HostContext] Well known directory 'Bin': 'D:\projects\philips\satmeup\.github-runner\bin'
[2025-05-14 06:55:17Z INFO HostContext] Well known directory 'Root': 'D:\projects\philips\satmeup\.github-runner'
[2025-05-14 06:55:17Z INFO HostContext] Well known config file 'Runner': 'D:\projects\philips\satmeup\.github-runner\.runner'
[2025-05-14 06:55:17Z INFO Listener] Runner is built for Windows (X64) - win-x64.
[2025-05-14 06:55:17Z INFO Listener] RuntimeInformation: Microsoft Windows 10.0.19045.
[2025-05-14 06:55:17Z INFO Listener] Version: 2.311.0
[2025-05-14 06:55:17Z INFO Listener] Commit: f5cff308c83746dddd726a9a28a1583872305aaa
[2025-05-14 06:55:17Z INFO Listener] Culture: en-US
[2025-05-14 06:55:17Z INFO Listener] UI Culture: en-US
[2025-05-14 06:55:17Z INFO HostContext] Well known directory 'Bin': 'D:\projects\philips\satmeup\.github-runner\bin'
[2025-05-14 06:55:17Z INFO HostContext] Well known directory 'Root': 'D:\projects\philips\satmeup\.github-runner'
[2025-05-14 06:55:17Z INFO Listener] Validating directory permissions for: 'D:\projects\philips\satmeup\.github-runner'
[2025-05-14 06:55:17Z INFO CommandLineParser] Parse
[2025-05-14 06:55:17Z INFO CommandLineParser] Parsing 3 args
[2025-05-14 06:55:17Z INFO CommandLineParser] parsing argument
[2025-05-14 06:55:17Z INFO CommandLineParser] HasArgs: False
[2025-05-14 06:55:17Z INFO CommandLineParser] Adding Command: run
[2025-05-14 06:55:17Z INFO CommandLineParser] parsing argument
[2025-05-14 06:55:17Z INFO CommandLineParser] HasArgs: True
[2025-05-14 06:55:17Z INFO CommandLineParser] arg: startuptype
[2025-05-14 06:55:17Z INFO CommandLineParser] parsing argument
[2025-05-14 06:55:17Z INFO CommandLineParser] HasArgs: True
[2025-05-14 06:55:17Z INFO CommandLineParser] Adding option 'startuptype': 'service'
[2025-05-14 06:55:17Z INFO Listener] Arguments parsed
[2025-05-14 06:55:17Z INFO Runner] ExecuteCommand
[2025-05-14 06:55:17Z INFO ConfigurationStore] currentAssemblyLocation: D:\projects\philips\satmeup\.github-runner\bin\Runner.Listener.dll
[2025-05-14 06:55:17Z INFO HostContext] Well known directory 'Bin': 'D:\projects\philips\satmeup\.github-runner\bin'
[2025-05-14 06:55:17Z INFO ConfigurationStore] binPath: D:\projects\philips\satmeup\.github-runner\bin
[2025-05-14 06:55:17Z INFO HostContext] Well known directory 'Bin': 'D:\projects\philips\satmeup\.github-runner\bin'
[2025-05-14 06:55:17Z INFO HostContext] Well known directory 'Root': 'D:\projects\philips\satmeup\.github-runner'
[2025-05-14 06:55:17Z INFO ConfigurationStore] RootFolder: D:\projects\philips\satmeup\.github-runner
[2025-05-14 06:55:17Z INFO HostContext] Well known directory 'Bin': 'D:\projects\philips\satmeup\.github-runner\bin'
[2025-05-14 06:55:17Z INFO HostContext] Well known directory 'Root': 'D:\projects\philips\satmeup\.github-runner'
[2025-05-14 06:55:17Z INFO HostContext] Well known config file 'Runner': 'D:\projects\philips\satmeup\.github-runner\.runner'
[2025-05-14 06:55:17Z INFO ConfigurationStore] ConfigFilePath: D:\projects\philips\satmeup\.github-runner\.runner
[2025-05-14 06:55:17Z INFO HostContext] Well known directory 'Bin': 'D:\projects\philips\satmeup\.github-runner\bin'
[2025-05-14 06:55:17Z INFO HostContext] Well known directory 'Root': 'D:\projects\philips\satmeup\.github-runner'
[2025-05-14 06:55:17Z INFO HostContext] Well known config file 'Credentials': 'D:\projects\philips\satmeup\.github-runner\.credentials'
[2025-05-14 06:55:17Z INFO ConfigurationStore] CredFilePath: D:\projects\philips\satmeup\.github-runner\.credentials
[2025-05-14 06:55:17Z INFO HostContext] Well known directory 'Bin': 'D:\projects\philips\satmeup\.github-runner\bin'
[2025-05-14 06:55:17Z INFO HostContext] Well known directory 'Root': 'D:\projects\philips\satmeup\.github-runner'
[2025-05-14 06:55:17Z INFO HostContext] Well known config file 'MigratedCredentials': 'D:\projects\philips\satmeup\.github-runner\.credentials_migrated'
[2025-05-14 06:55:17Z INFO ConfigurationStore] MigratedCredFilePath: D:\projects\philips\satmeup\.github-runner\.credentials_migrated
[2025-05-14 06:55:17Z INFO HostContext] Well known directory 'Bin': 'D:\projects\philips\satmeup\.github-runner\bin'
[2025-05-14 06:55:17Z INFO HostContext] Well known directory 'Root': 'D:\projects\philips\satmeup\.github-runner'
[2025-05-14 06:55:17Z INFO HostContext] Well known config file 'Service': 'D:\projects\philips\satmeup\.github-runner\.service'
[2025-05-14 06:55:17Z INFO ConfigurationStore] ServiceConfigFilePath: D:\projects\philips\satmeup\.github-runner\.service
[2025-05-14 06:55:17Z INFO CommandSettings] Flag 'help': 'False'
[2025-05-14 06:55:17Z INFO CommandSettings] Flag 'version': 'False'
[2025-05-14 06:55:17Z INFO CommandSettings] Flag 'commit': 'False'
[2025-05-14 06:55:17Z INFO CommandSettings] Flag 'check': 'False'
[2025-05-14 06:55:17Z INFO CommandSettings] Command 'configure': 'False'
[2025-05-14 06:55:17Z INFO CommandSettings] Command 'remove': 'False'
[2025-05-14 06:55:17Z INFO CommandSettings] Command 'warmup': 'False'
[2025-05-14 06:55:17Z INFO ConfigurationManager] LoadSettings
[2025-05-14 06:55:17Z INFO ConfigurationStore] IsConfigured()
[2025-05-14 06:55:17Z INFO ConfigurationStore] IsConfigured: True
[2025-05-14 06:55:17Z INFO ConfigurationManager] Is configured: True
[2025-05-14 06:55:17Z INFO ConfigurationStore] Read setting file: 360 chars
[2025-05-14 06:55:17Z INFO ConfigurationManager] Settings Loaded
[2025-05-14 06:55:17Z INFO ConfigurationStore] IsServiceConfigured()
[2025-05-14 06:55:17Z INFO ConfigurationStore] IsServiceConfigured: True
[2025-05-14 06:55:17Z INFO CommandSettings] Command 'run': 'True'
[2025-05-14 06:55:17Z INFO ConfigurationStore] IsConfigured()
[2025-05-14 06:55:17Z INFO ConfigurationStore] IsConfigured: True
[2025-05-14 06:55:17Z INFO ConfigurationManager] Is configured: True
[2025-05-14 06:55:17Z INFO Runner] Set runner startup type - Service
[2025-05-14 06:55:17Z INFO CommandSettings] Flag 'once': 'False'
[2025-05-14 06:55:17Z INFO CommandSettings] Flag 'once': 'False'
[2025-05-14 06:55:18Z INFO Runner] RunAsync
[2025-05-14 06:55:18Z INFO ConfigurationManager] LoadSettings
[2025-05-14 06:55:18Z INFO ConfigurationStore] IsConfigured()
[2025-05-14 06:55:18Z INFO ConfigurationStore] IsConfigured: True
[2025-05-14 06:55:18Z INFO ConfigurationManager] Is configured: True
[2025-05-14 06:55:18Z INFO ConfigurationManager] Settings Loaded
[2025-05-14 06:55:18Z INFO MessageListener] {
  "AgentId": 22,
  "AgentName": "Local-Minikube-Runner",
  "PoolId": 1,
  "PoolName": "Default",
  "ServerUrl": "https://pipelinesghubeus2.actions.githubusercontent.com/3ppGNk8qZU6qAGoHW5wTnvcTB5WFuZILPPDIwIRTI9IopRkzE8/",
  "GitHubUrl": "https://github.com/karan-wakade/smu",
  "WorkFolder": "D:\\projects\\philips\\satmeup\\.github-runner\\_work"
}
[2025-05-14 06:55:18Z INFO MessageListener] Loading Credentials
[2025-05-14 06:55:18Z INFO ConfigurationStore] HasCredentials()
[2025-05-14 06:55:18Z INFO ConfigurationStore] stored True
[2025-05-14 06:55:18Z INFO CredentialManager] GetCredentialProvider
[2025-05-14 06:55:18Z INFO CredentialManager] Creating type OAuth
[2025-05-14 06:55:18Z INFO CredentialManager] Creating credential type: OAuth
[2025-05-14 06:55:18Z INFO HostContext] Well known directory 'Bin': 'D:\projects\philips\satmeup\.github-runner\bin'
[2025-05-14 06:55:18Z INFO HostContext] Well known directory 'Root': 'D:\projects\philips\satmeup\.github-runner'
[2025-05-14 06:55:18Z INFO HostContext] Well known config file 'RSACredentials': 'D:\projects\philips\satmeup\.github-runner\.credentials_rsaparams'
[2025-05-14 06:55:18Z INFO RSAEncryptedFileKeyManager] Loading RSA key parameters from file D:\projects\philips\satmeup\.github-runner\.credentials_rsaparams
[2025-05-14 06:55:18Z INFO MessageListener] Attempt to create session.
[2025-05-14 06:55:18Z INFO MessageListener] Connecting to the Runner Server...
[2025-05-14 06:55:18Z INFO RunnerServer] EstablishVssConnection
[2025-05-14 06:55:18Z INFO RunnerServer] Establish connection with 100 seconds timeout.
[2025-05-14 06:55:18Z INFO GitHubActionsService] Starting operation Location.GetConnectionData
[2025-05-14 06:55:18Z INFO RunnerServer] EstablishVssConnection
[2025-05-14 06:55:18Z INFO RunnerServer] Establish connection with 60 seconds timeout.
[2025-05-14 06:55:18Z INFO GitHubActionsService] Starting operation Location.GetConnectionData
[2025-05-14 06:55:18Z INFO RunnerServer] EstablishVssConnection
[2025-05-14 06:55:18Z INFO RunnerServer] Establish connection with 60 seconds timeout.
[2025-05-14 06:55:18Z INFO GitHubActionsService] Starting operation Location.GetConnectionData
[2025-05-14 06:55:20Z INFO GitHubActionsService] Finished operation Location.GetConnectionData
[2025-05-14 06:55:20Z INFO GitHubActionsService] Finished operation Location.GetConnectionData
[2025-05-14 06:55:20Z INFO GitHubActionsService] Finished operation Location.GetConnectionData
[2025-05-14 06:55:20Z INFO MessageListener] VssConnection created
[2025-05-14 06:55:20Z INFO Terminal] WRITE LINE: 
[2025-05-14 06:55:20Z INFO Terminal] WRITE LINE: 
[2025-05-14 06:55:21Z INFO RSAEncryptedFileKeyManager] Loading RSA key parameters from file D:\projects\philips\satmeup\.github-runner\.credentials_rsaparams
[2025-05-14 06:55:21Z INFO RSAEncryptedFileKeyManager] Loading RSA key parameters from file D:\projects\philips\satmeup\.github-runner\.credentials_rsaparams
[2025-05-14 06:55:22Z INFO GitHubActionsService] AAD Correlation ID for this token request: Unknown
[2025-05-14 06:55:22Z INFO MessageListener] Session created.
[2025-05-14 06:55:22Z INFO Terminal] WRITE LINE: Current runner version: '2.311.0'
[2025-05-14 06:55:22Z INFO Terminal] WRITE LINE: 2025-05-14 06:55:22Z: Listening for Jobs
[2025-05-14 06:55:22Z INFO JobDispatcher] Set runner/worker IPC timeout to 30 seconds.
[2025-05-14 06:55:23Z INFO RSAEncryptedFileKeyManager] Loading RSA key parameters from file D:\projects\philips\satmeup\.github-runner\.credentials_rsaparams
[2025-05-14 06:55:23Z INFO MessageListener] Message '1' received from session '148dcf3a-b4cd-4b1a-986b-465ec31b2695'.
[2025-05-14 06:55:23Z INFO HostContext] Well known directory 'Bin': 'D:\projects\philips\satmeup\.github-runner\bin'
[2025-05-14 06:55:23Z INFO HostContext] Well known directory 'Root': 'D:\projects\philips\satmeup\.github-runner'
[2025-05-14 06:55:23Z INFO HostContext] Well known directory 'Work': 'D:\projects\philips\satmeup\.github-runner\_work'
[2025-05-14 06:55:23Z INFO HostContext] Well known directory 'Bin': 'D:\projects\philips\satmeup\.github-runner\bin'
[2025-05-14 06:55:23Z INFO HostContext] Well known directory 'Root': 'D:\projects\philips\satmeup\.github-runner'
[2025-05-14 06:55:23Z INFO HostContext] Well known directory 'Work': 'D:\projects\philips\satmeup\.github-runner\_work'
[2025-05-14 06:55:24Z INFO SelfUpdater] Cloning dotnet runtime to D:\projects\philips\satmeup\.github-runner\_work\__dotnet_runtime__
[2025-05-14 06:55:24Z INFO HostContext] Well known directory 'Bin': 'D:\projects\philips\satmeup\.github-runner\bin'
[2025-05-14 06:55:25Z INFO SelfUpdater] Successfully cloned dotnet runtime to D:\projects\philips\satmeup\.github-runner\_work\__dotnet_runtime__. Total files: 222
[2025-05-14 06:55:25Z INFO SelfUpdater] Cloning externals to D:\projects\philips\satmeup\.github-runner\_work\__externals__
[2025-05-14 06:55:25Z INFO HostContext] Well known directory 'Bin': 'D:\projects\philips\satmeup\.github-runner\bin'
[2025-05-14 06:55:25Z INFO HostContext] Well known directory 'Root': 'D:\projects\philips\satmeup\.github-runner'
[2025-05-14 06:55:25Z INFO HostContext] Well known directory 'Externals': 'D:\projects\philips\satmeup\.github-runner\externals'
[2025-05-14 06:55:26Z INFO SelfUpdater] Successfully cloned externals to D:\projects\philips\satmeup\.github-runner\_work\__externals__.
[2025-05-14 06:55:26Z INFO SelfUpdater] Waiting for 2 tasks to complete.
[2025-05-14 06:55:26Z INFO SelfUpdater] Externals clone finished.
[2025-05-14 06:55:26Z INFO SelfUpdater] Calculating hash for D:\projects\philips\satmeup\.github-runner\_work\__externals__
[2025-05-14 06:55:26Z INFO HostContext] Well known directory 'Bin': 'D:\projects\philips\satmeup\.github-runner\bin'
[2025-05-14 06:55:26Z INFO HostContext] Well known directory 'Bin': 'D:\projects\philips\satmeup\.github-runner\bin'
[2025-05-14 06:55:26Z INFO HostContext] Well known directory 'Root': 'D:\projects\philips\satmeup\.github-runner'
[2025-05-14 06:55:26Z INFO HostContext] Well known directory 'Externals': 'D:\projects\philips\satmeup\.github-runner\externals'
[2025-05-14 06:55:26Z INFO ProcessInvokerWrapper] Starting process:
[2025-05-14 06:55:26Z INFO ProcessInvokerWrapper]   File name: 'D:\projects\philips\satmeup\.github-runner\externals\node16\bin\node.exe'
[2025-05-14 06:55:26Z INFO ProcessInvokerWrapper]   Arguments: '"D:\projects\philips\satmeup\.github-runner\bin\hashFiles"'
[2025-05-14 06:55:26Z INFO ProcessInvokerWrapper]   Working directory: 'D:\projects\philips\satmeup\.github-runner\_work\__externals__'
[2025-05-14 06:55:26Z INFO ProcessInvokerWrapper]   Require exit code zero: 'False'
[2025-05-14 06:55:26Z INFO ProcessInvokerWrapper]   Encoding web name:  ; code page: ''
[2025-05-14 06:55:26Z INFO ProcessInvokerWrapper]   Force kill process on cancellation: 'True'
[2025-05-14 06:55:26Z INFO ProcessInvokerWrapper]   Redirected STDIN: 'False'
[2025-05-14 06:55:26Z INFO ProcessInvokerWrapper]   Persist current code page: 'False'
[2025-05-14 06:55:26Z INFO ProcessInvokerWrapper]   Keep redirected STDIN open: 'False'
[2025-05-14 06:55:26Z INFO ProcessInvokerWrapper]   High priority process: 'False'
[2025-05-14 06:55:27Z INFO ProcessInvokerWrapper] Process started with process id 23588, waiting for process exit.
[2025-05-14 06:55:27Z INFO Runner] Refresh message received, kick-off selfupdate background process.
[2025-05-14 06:55:27Z INFO SelfUpdater] Version '2.323.0' of 'agent' package available in server.
[2025-05-14 06:55:27Z INFO SelfUpdater] Current running runner version is 2.311.0
[2025-05-14 06:55:27Z INFO SelfUpdater] An update is available.
[2025-05-14 06:55:27Z INFO Terminal] WRITE LINE: Runner update in progress, do not shutdown runner.
[2025-05-14 06:55:27Z INFO SelfUpdater] CloneDotnetRuntimeTime: 1659ms
[2025-05-14 06:55:27Z INFO SelfUpdater] CloneExternalsTime: 659ms
[2025-05-14 06:55:27Z INFO SelfUpdater] RunnerPlatform: win-x64
[2025-05-14 06:55:29Z INFO Terminal] WRITE LINE: Downloading 2.323.0 runner
[2025-05-14 06:55:29Z INFO ProcessInvokerWrapper] Kill entire process tree since both cancel and terminate signal has been ignored by the target process.
[2025-05-14 06:55:29Z INFO ProcessInvokerWrapper] Scan all processes to find relationship between all processes.
[2025-05-14 06:55:29Z INFO ProcessInvokerWrapper] Find all child processes of process '23588'.
[2025-05-14 06:55:29Z INFO ProcessInvokerWrapper] Need kill all child processes trees before kill process '23588'.
[2025-05-14 06:55:29Z INFO ProcessInvokerWrapper] Child process '24864' needs be killed first.
[2025-05-14 06:55:29Z INFO ProcessInvokerWrapper] Find all child processes of process '24864'.
[2025-05-14 06:55:29Z INFO ProcessInvokerWrapper] Kill process '24864'.
[2025-05-14 06:55:29Z INFO ProcessInvokerWrapper] Kill process '23588'.
[2025-05-14 06:55:29Z INFO ProcessInvokerWrapper] STDOUT/STDERR stream read finished.
[2025-05-14 06:55:29Z INFO ProcessInvokerWrapper] STDOUT/STDERR stream read finished.
[2025-05-14 06:55:29Z INFO ProcessInvokerWrapper] Process Cancellation finished.
[2025-05-14 06:55:29Z INFO ProcessInvokerWrapper] Finished process 23588 with exit code -1, and elapsed time 00:00:02.9748670.
[2025-05-14 06:55:29Z ERR  SelfUpdater] Fail to hash externals content: System.OperationCanceledException: The operation was canceled.
   at System.Threading.CancellationToken.ThrowOperationCanceledException()
   at GitHub.Runner.Sdk.ProcessInvoker.ExecuteAsync(String workingDirectory, String fileName, String arguments, IDictionary`2 environment, Boolean requireExitCodeZero, Encoding outputEncoding, Boolean killProcessOnCancel, Channel`1 redirectStandardIn, Boolean inheritConsoleHandler, Boolean keepStandardInOpen, Boolean highPriorityProcess, CancellationToken cancellationToken)
   at GitHub.Runner.Common.ProcessInvokerWrapper.ExecuteAsync(String workingDirectory, String fileName, String arguments, IDictionary`2 environment, Boolean requireExitCodeZero, Encoding outputEncoding, Boolean killProcessOnCancel, Channel`1 redirectStandardIn, Boolean inheritConsoleHandler, Boolean keepStandardInOpen, Boolean highPriorityProcess, CancellationToken cancellationToken)
   at GitHub.Runner.Listener.SelfUpdater.HashFiles(String fileFolder, CancellationToken token)
   at GitHub.Runner.Listener.SelfUpdater.CloneAndCalculateAssetsHash(String dotnetRuntimeCloneDirectory, String externalsCloneDirectory, CancellationToken token)
[2025-05-14 06:55:29Z INFO SelfUpdater] Still waiting for 1 tasks to complete.
[2025-05-14 06:55:29Z INFO SelfUpdater] Waiting for 1 tasks to complete.
[2025-05-14 06:55:29Z INFO SelfUpdater] Dotnet runtime clone finished.
[2025-05-14 06:55:29Z ERR  SelfUpdater] Skip compute hash since clone dotnet runtime failed/cancelled.
[2025-05-14 06:55:29Z INFO SelfUpdater] Still waiting for 0 tasks to complete.
[2025-05-14 06:55:29Z INFO HostContext] Well known directory 'Bin': 'D:\projects\philips\satmeup\.github-runner\bin'
[2025-05-14 06:55:29Z INFO HostContext] Well known directory 'Root': 'D:\projects\philips\satmeup\.github-runner'
[2025-05-14 06:55:29Z INFO HostContext] Well known directory 'Work': 'D:\projects\philips\satmeup\.github-runner\_work'
[2025-05-14 06:55:29Z INFO SelfUpdater] Attempt 1: save latest runner into D:\projects\philips\satmeup\.github-runner\_work\_update\runner1.zip.
[2025-05-14 06:55:29Z INFO SelfUpdater] Download runner: begin download
[2025-05-14 06:55:29Z INFO SelfUpdater] Downloading https://github.com/actions/runner/releases/download/v2.323.0/actions-runner-win-x64-2.323.0.zip
[2025-05-14 06:55:54Z INFO SelfUpdater] Download runner: finished download
[2025-05-14 06:55:54Z INFO SelfUpdater] Validated Runner Hash matches D:\projects\philips\satmeup\.github-runner\_work\_update\runner1.zip : e8ca92e3b1b907cdcc0c94640f4c5b23f377743993a4a5c859cb74f3e6eb33ef
[2025-05-14 06:55:59Z INFO SelfUpdater] Finished getting latest runner package at: D:\projects\philips\satmeup\.github-runner\_work\_update.
[2025-05-14 06:55:59Z INFO HostContext] Well known directory 'Bin': 'D:\projects\philips\satmeup\.github-runner\bin'
[2025-05-14 06:55:59Z INFO HostContext] Well known directory 'Root': 'D:\projects\philips\satmeup\.github-runner'
[2025-05-14 06:55:59Z INFO SelfUpdater] Copy D:\projects\philips\satmeup\.github-runner\_work\_update\bin to D:\projects\philips\satmeup\.github-runner\bin.2.323.0.
[2025-05-14 06:56:12Z INFO HostContext] Well known directory 'Bin': 'D:\projects\philips\satmeup\.github-runner\bin'
[2025-05-14 06:56:12Z INFO HostContext] Well known directory 'Root': 'D:\projects\philips\satmeup\.github-runner'
[2025-05-14 06:56:12Z INFO SelfUpdater] Copy D:\projects\philips\satmeup\.github-runner\_work\_update\externals to D:\projects\philips\satmeup\.github-runner\externals.2.323.0.
[2025-05-14 06:56:13Z INFO SelfUpdater] Copy any remaining .sh/.cmd files into runner root.
[2025-05-14 06:56:13Z INFO HostContext] Well known directory 'Bin': 'D:\projects\philips\satmeup\.github-runner\bin'
[2025-05-14 06:56:13Z INFO HostContext] Well known directory 'Root': 'D:\projects\philips\satmeup\.github-runner'
[2025-05-14 06:56:13Z INFO SelfUpdater] Copy D:\projects\philips\satmeup\.github-runner\_work\_update\config.cmd to D:\projects\philips\satmeup\.github-runner\config.cmd
[2025-05-14 06:56:13Z INFO HostContext] Well known directory 'Bin': 'D:\projects\philips\satmeup\.github-runner\bin'
[2025-05-14 06:56:13Z INFO HostContext] Well known directory 'Root': 'D:\projects\philips\satmeup\.github-runner'
[2025-05-14 06:56:13Z INFO SelfUpdater] Copy D:\projects\philips\satmeup\.github-runner\_work\_update\run-helper.cmd.template to D:\projects\philips\satmeup\.github-runner\run-helper.cmd.template
[2025-05-14 06:56:13Z INFO HostContext] Well known directory 'Bin': 'D:\projects\philips\satmeup\.github-runner\bin'
[2025-05-14 06:56:13Z INFO HostContext] Well known directory 'Root': 'D:\projects\philips\satmeup\.github-runner'
[2025-05-14 06:56:13Z INFO SelfUpdater] Copy D:\projects\philips\satmeup\.github-runner\_work\_update\run-helper.sh.template to D:\projects\philips\satmeup\.github-runner\run-helper.sh.template
[2025-05-14 06:56:13Z INFO HostContext] Well known directory 'Bin': 'D:\projects\philips\satmeup\.github-runner\bin'
[2025-05-14 06:56:13Z INFO HostContext] Well known directory 'Root': 'D:\projects\philips\satmeup\.github-runner'
[2025-05-14 06:56:13Z INFO SelfUpdater] Copy D:\projects\philips\satmeup\.github-runner\_work\_update\run.cmd to D:\projects\philips\satmeup\.github-runner\run.cmd
[2025-05-14 06:56:13Z INFO SelfUpdater] Download latest runner and unzip into runner root.
[2025-05-14 06:56:13Z INFO Terminal] WRITE LINE: Waiting for current job finish running.
[2025-05-14 06:56:13Z INFO SelfUpdater] DownloadUrl: https://github.com/actions/runner/releases/download/v2.323.0/actions-runner-win-x64-2.323.0.zip
[2025-05-14 06:56:13Z INFO SelfUpdater] RuntimeTrimmed: False
[2025-05-14 06:56:13Z INFO SelfUpdater] ExternalsTrimmed: False
[2025-05-14 06:56:13Z INFO SelfUpdater] PackageDownloadTime: 24708ms
[2025-05-14 06:56:13Z INFO SelfUpdater] Attempts: 1
[2025-05-14 06:56:13Z INFO SelfUpdater] PackageSize: 60MB
[2025-05-14 06:56:13Z INFO SelfUpdater] ValidateHashTime: 779ms
[2025-05-14 06:56:13Z INFO SelfUpdater] PackageExtractTime: 4584ms
[2025-05-14 06:56:13Z INFO SelfUpdater] CopyRunnerToRootTime: 14248ms
[2025-05-14 06:56:14Z INFO SelfUpdater] All running job has exited.
[2025-05-14 06:56:14Z INFO HostContext] Well known directory 'Bin': 'D:\projects\philips\satmeup\.github-runner\bin'
[2025-05-14 06:56:14Z INFO HostContext] Well known directory 'Root': 'D:\projects\philips\satmeup\.github-runner'
[2025-05-14 06:56:14Z INFO HostContext] Well known directory 'Bin': 'D:\projects\philips\satmeup\.github-runner\bin'
[2025-05-14 06:56:14Z INFO HostContext] Well known directory 'Root': 'D:\projects\philips\satmeup\.github-runner'
[2025-05-14 06:56:14Z INFO HostContext] Well known directory 'Bin': 'D:\projects\philips\satmeup\.github-runner\bin'
[2025-05-14 06:56:14Z INFO HostContext] Well known directory 'Root': 'D:\projects\philips\satmeup\.github-runner'
[2025-05-14 06:56:14Z INFO SelfUpdater] Delete old version runner backup.
[2025-05-14 06:56:14Z INFO Terminal] WRITE LINE: Generate and execute update script.
[2025-05-14 06:56:14Z INFO SelfUpdater] DeleteRunnerBackupTime: 6ms
[2025-05-14 06:56:14Z INFO HostContext] Well known directory 'Bin': 'D:\projects\philips\satmeup\.github-runner\bin'
[2025-05-14 06:56:14Z INFO HostContext] Well known directory 'Root': 'D:\projects\philips\satmeup\.github-runner'
[2025-05-14 06:56:14Z INFO HostContext] Well known directory 'Diag': 'D:\projects\philips\satmeup\.github-runner\_diag'
[2025-05-14 06:56:14Z INFO HostContext] Well known directory 'Bin': 'D:\projects\philips\satmeup\.github-runner\bin'
[2025-05-14 06:56:14Z INFO HostContext] Well known directory 'Root': 'D:\projects\philips\satmeup\.github-runner'
[2025-05-14 06:56:15Z INFO HostContext] Well known directory 'Bin': 'D:\projects\philips\satmeup\.github-runner\bin'
[2025-05-14 06:56:15Z INFO HostContext] Well known directory 'Root': 'D:\projects\philips\satmeup\.github-runner'
[2025-05-14 06:56:15Z INFO HostContext] Well known directory 'Work': 'D:\projects\philips\satmeup\.github-runner\_work'
[2025-05-14 06:56:15Z INFO SelfUpdater] Generate update script into: D:\projects\philips\satmeup\.github-runner\_work\_update.cmd
[2025-05-14 06:56:15Z INFO SelfUpdater] Which: 'cmd.exe'
[2025-05-14 06:56:15Z INFO SelfUpdater] Location: 'C:\Windows\system32\cmd.exe'
[2025-05-14 06:56:15Z INFO SelfUpdater] Update script start running
[2025-05-14 06:56:15Z INFO Terminal] WRITE LINE: Runner will exit shortly for update, should be back online within 10 seconds.
[2025-05-14 06:56:15Z INFO SelfUpdater] TotalUpdateTime: 51429ms
[2025-05-14 06:56:15Z INFO Terminal] WRITE LINE: Runner update process finished.
[2025-05-14 06:56:15Z INFO Runner] Auto update task finished at backend, an runner update is ready to apply exit the current runner instance.
[2025-05-14 06:56:15Z INFO Runner] Stop message queue looping.
[2025-05-14 06:56:15Z WARN GitHubActionsService] GET request to https://pipelinesghubeus2.actions.githubusercontent.com/3ppGNk8qZU6qAGoHW5wTnvcTB5WFuZILPPDIwIRTI9IopRkzE8/_apis/distributedtask/pools/1/messages?sessionId=148dcf3a-b4cd-4b1a-986b-465ec31b2695&lastMessageId=1&status=Online&runnerVersion=2.311.0&os=Windows&architecture=X64 has been cancelled.
[2025-05-14 06:56:15Z INFO MessageListener] Get next message has been cancelled.
[2025-05-14 06:56:16Z INFO Runner] Ignore any exception after cancel message loop. System.Threading.Tasks.TaskCanceledException: The operation was canceled.
 ---> System.IO.IOException: Unable to read data from the transport connection: The I/O operation has been aborted because of either a thread exit or an application request..
 ---> System.Net.Sockets.SocketException (995): The I/O operation has been aborted because of either a thread exit or an application request.
   --- End of inner exception stack trace ---
   at System.Net.Sockets.Socket.AwaitableSocketAsyncEventArgs.ThrowException(SocketError error, CancellationToken cancellationToken)
   at System.Net.Sockets.Socket.AwaitableSocketAsyncEventArgs.System.Threading.Tasks.Sources.IValueTaskSource<System.Int32>.GetResult(Int16 token)
   at System.Net.Security.SslStream.EnsureFullTlsFrameAsync[TIOAdapter](TIOAdapter adapter)
   at System.Net.Security.SslStream.ReadAsyncInternal[TIOAdapter](TIOAdapter adapter, Memory`1 buffer)
   at System.Net.Http.HttpConnection.SendAsyncCore(HttpRequestMessage request, Boolean async, CancellationToken cancellationToken)
   --- End of inner exception stack trace ---
   at System.Net.Http.HttpClient.HandleFailure(Exception e, Boolean telemetryStarted, HttpResponseMessage response, CancellationTokenSource cts, CancellationToken cancellationToken, CancellationTokenSource pendingRequestsCts)
   at System.Net.Http.HttpClient.<SendAsync>g__Core|83_0(HttpRequestMessage request, HttpCompletionOption completionOption, CancellationTokenSource cts, Boolean disposeCts, CancellationTokenSource pendingRequestsCts, CancellationToken originalCancellationToken)
   at GitHub.Services.WebApi.VssHttpClientBase.SendAsync(HttpRequestMessage message, HttpCompletionOption completionOption, Object userState, CancellationToken cancellationToken)
   at GitHub.Services.WebApi.VssHttpClientBase.SendAsync[T](HttpRequestMessage message, Object userState, CancellationToken cancellationToken)
   at GitHub.Services.WebApi.VssHttpClientBase.SendAsync[T](HttpMethod method, IEnumerable`1 additionalHeaders, Guid locationId, Object routeValues, ApiResourceVersion version, HttpContent content, IEnumerable`1 queryParameters, Object userState, CancellationToken cancellationToken)
   at GitHub.Runner.Listener.MessageListener.GetNextMessageAsync(CancellationToken token)
   at GitHub.Runner.Listener.Runner.RunAsync(RunnerSettings settings, Boolean runOnce)
[2025-05-14 06:56:16Z INFO JobDispatcher] Shutting down JobDispatcher. Make sure all WorkerDispatcher has finished.
[2025-05-14 06:56:17Z INFO Listener] Runner execution has finished with return code 3
