[2025-05-14 06:54:38Z INFO HostContext] No proxy settings were found based on environmental variables (http_proxy/https_proxy/HTTP_PROXY/HTTPS_PROXY)
[2025-05-14 06:54:38Z INFO HostContext] Well known directory 'Bin': 'D:\projects\philips\satmeup\.github-runner\bin'
[2025-05-14 06:54:38Z INFO HostContext] Well known directory 'Root': 'D:\projects\philips\satmeup\.github-runner'
[2025-05-14 06:54:38Z INFO HostContext] Well known config file 'Credentials': 'D:\projects\philips\satmeup\.github-runner\.credentials'
[2025-05-14 06:54:38Z INFO HostContext] Well known directory 'Bin': 'D:\projects\philips\satmeup\.github-runner\bin'
[2025-05-14 06:54:38Z INFO HostContext] Well known directory 'Root': 'D:\projects\philips\satmeup\.github-runner'
[2025-05-14 06:54:38Z INFO HostContext] Well known config file 'Runner': 'D:\projects\philips\satmeup\.github-runner\.runner'
[2025-05-14 06:54:38Z INFO Listener] Runner is built for Windows (X64) - win-x64.
[2025-05-14 06:54:38Z INFO Listener] RuntimeInformation: Microsoft Windows 10.0.19045.
[2025-05-14 06:54:38Z INFO Listener] Version: 2.311.0
[2025-05-14 06:54:38Z INFO Listener] Commit: f5cff308c83746dddd726a9a28a1583872305aaa
[2025-05-14 06:54:38Z INFO Listener] Culture: en-US
[2025-05-14 06:54:38Z INFO Listener] UI Culture: en-US
[2025-05-14 06:54:38Z INFO HostContext] Well known directory 'Bin': 'D:\projects\philips\satmeup\.github-runner\bin'
[2025-05-14 06:54:38Z INFO HostContext] Well known directory 'Root': 'D:\projects\philips\satmeup\.github-runner'
[2025-05-14 06:54:38Z INFO Listener] Validating directory permissions for: 'D:\projects\philips\satmeup\.github-runner'
[2025-05-14 06:54:38Z INFO CommandLineParser] Parse
[2025-05-14 06:54:38Z INFO CommandLineParser] Parsing 11 args
[2025-05-14 06:54:38Z INFO CommandLineParser] parsing argument
[2025-05-14 06:54:38Z INFO CommandLineParser] HasArgs: False
[2025-05-14 06:54:38Z INFO CommandLineParser] Adding Command: configure
[2025-05-14 06:54:38Z INFO CommandLineParser] parsing argument
[2025-05-14 06:54:38Z INFO CommandLineParser] HasArgs: True
[2025-05-14 06:54:38Z INFO CommandLineParser] arg: url
[2025-05-14 06:54:38Z INFO CommandLineParser] parsing argument
[2025-05-14 06:54:38Z INFO CommandLineParser] HasArgs: True
[2025-05-14 06:54:38Z INFO CommandLineParser] Adding option 'url': 'https://github.com/karan-wakade/smu'
[2025-05-14 06:54:38Z INFO CommandLineParser] parsing argument
[2025-05-14 06:54:38Z INFO CommandLineParser] HasArgs: True
[2025-05-14 06:54:38Z INFO CommandLineParser] arg: token
[2025-05-14 06:54:38Z INFO CommandLineParser] parsing argument
[2025-05-14 06:54:38Z INFO CommandLineParser] HasArgs: True
[2025-05-14 06:54:38Z INFO CommandLineParser] Adding option 'token': '***'
[2025-05-14 06:54:38Z INFO CommandLineParser] parsing argument
[2025-05-14 06:54:38Z INFO CommandLineParser] HasArgs: True
[2025-05-14 06:54:38Z INFO CommandLineParser] arg: name
[2025-05-14 06:54:38Z INFO CommandLineParser] parsing argument
[2025-05-14 06:54:38Z INFO CommandLineParser] HasArgs: True
[2025-05-14 06:54:38Z INFO CommandLineParser] Adding option 'name': 'Local-Minikube-Runner'
[2025-05-14 06:54:38Z INFO CommandLineParser] parsing argument
[2025-05-14 06:54:38Z INFO CommandLineParser] HasArgs: True
[2025-05-14 06:54:38Z INFO CommandLineParser] arg: labels
[2025-05-14 06:54:38Z INFO CommandLineParser] parsing argument
[2025-05-14 06:54:38Z INFO CommandLineParser] HasArgs: True
[2025-05-14 06:54:38Z INFO CommandLineParser] Adding option 'labels': 'minikube,kubernetes'
[2025-05-14 06:54:38Z INFO CommandLineParser] parsing argument
[2025-05-14 06:54:38Z INFO CommandLineParser] HasArgs: True
[2025-05-14 06:54:38Z INFO CommandLineParser] arg: work
[2025-05-14 06:54:38Z INFO CommandLineParser] parsing argument
[2025-05-14 06:54:38Z INFO CommandLineParser] HasArgs: True
[2025-05-14 06:54:38Z INFO CommandLineParser] Adding option 'work': 'D:\projects\philips\satmeup\.github-runner\_work'
[2025-05-14 06:54:38Z INFO Listener] Arguments parsed
[2025-05-14 06:54:38Z INFO Runner] ExecuteCommand
[2025-05-14 06:54:38Z INFO ConfigurationStore] currentAssemblyLocation: D:\projects\philips\satmeup\.github-runner\bin\Runner.Listener.dll
[2025-05-14 06:54:38Z INFO HostContext] Well known directory 'Bin': 'D:\projects\philips\satmeup\.github-runner\bin'
[2025-05-14 06:54:38Z INFO ConfigurationStore] binPath: D:\projects\philips\satmeup\.github-runner\bin
[2025-05-14 06:54:38Z INFO HostContext] Well known directory 'Bin': 'D:\projects\philips\satmeup\.github-runner\bin'
[2025-05-14 06:54:38Z INFO HostContext] Well known directory 'Root': 'D:\projects\philips\satmeup\.github-runner'
[2025-05-14 06:54:38Z INFO ConfigurationStore] RootFolder: D:\projects\philips\satmeup\.github-runner
[2025-05-14 06:54:38Z INFO HostContext] Well known directory 'Bin': 'D:\projects\philips\satmeup\.github-runner\bin'
[2025-05-14 06:54:38Z INFO HostContext] Well known directory 'Root': 'D:\projects\philips\satmeup\.github-runner'
[2025-05-14 06:54:38Z INFO HostContext] Well known config file 'Runner': 'D:\projects\philips\satmeup\.github-runner\.runner'
[2025-05-14 06:54:38Z INFO ConfigurationStore] ConfigFilePath: D:\projects\philips\satmeup\.github-runner\.runner
[2025-05-14 06:54:38Z INFO HostContext] Well known directory 'Bin': 'D:\projects\philips\satmeup\.github-runner\bin'
[2025-05-14 06:54:38Z INFO HostContext] Well known directory 'Root': 'D:\projects\philips\satmeup\.github-runner'
[2025-05-14 06:54:38Z INFO HostContext] Well known config file 'Credentials': 'D:\projects\philips\satmeup\.github-runner\.credentials'
[2025-05-14 06:54:38Z INFO ConfigurationStore] CredFilePath: D:\projects\philips\satmeup\.github-runner\.credentials
[2025-05-14 06:54:38Z INFO HostContext] Well known directory 'Bin': 'D:\projects\philips\satmeup\.github-runner\bin'
[2025-05-14 06:54:38Z INFO HostContext] Well known directory 'Root': 'D:\projects\philips\satmeup\.github-runner'
[2025-05-14 06:54:38Z INFO HostContext] Well known config file 'MigratedCredentials': 'D:\projects\philips\satmeup\.github-runner\.credentials_migrated'
[2025-05-14 06:54:38Z INFO ConfigurationStore] MigratedCredFilePath: D:\projects\philips\satmeup\.github-runner\.credentials_migrated
[2025-05-14 06:54:38Z INFO HostContext] Well known directory 'Bin': 'D:\projects\philips\satmeup\.github-runner\bin'
[2025-05-14 06:54:38Z INFO HostContext] Well known directory 'Root': 'D:\projects\philips\satmeup\.github-runner'
[2025-05-14 06:54:38Z INFO HostContext] Well known config file 'Service': 'D:\projects\philips\satmeup\.github-runner\.service'
[2025-05-14 06:54:38Z INFO ConfigurationStore] ServiceConfigFilePath: D:\projects\philips\satmeup\.github-runner\.service
[2025-05-14 06:54:38Z INFO CommandSettings] Flag 'help': 'False'
[2025-05-14 06:54:38Z INFO CommandSettings] Flag 'version': 'False'
[2025-05-14 06:54:38Z INFO CommandSettings] Flag 'commit': 'False'
[2025-05-14 06:54:38Z INFO CommandSettings] Flag 'check': 'False'
[2025-05-14 06:54:38Z INFO CommandSettings] Command 'configure': 'True'
[2025-05-14 06:54:38Z INFO Terminal] WRITE LINE: 
[2025-05-14 06:54:38Z INFO Terminal] WRITE LINE: --------------------------------------------------------------------------------
[2025-05-14 06:54:38Z INFO Terminal] WRITE LINE: |        ____ _ _   _   _       _          _        _   _                      |
[2025-05-14 06:54:38Z INFO Terminal] WRITE LINE: |       / ___(_) |_| | | |_   _| |__      / \   ___| |_(_) ___  _ __  ___      |
[2025-05-14 06:54:38Z INFO Terminal] WRITE LINE: |      | |  _| | __| |_| | | | | '_ \    / _ \ / __| __| |/ _ \| '_ \/ __|     |
[2025-05-14 06:54:38Z INFO Terminal] WRITE LINE: |      | |_| | | |_|  _  | |_| | |_) |  / ___ \ (__| |_| | (_) | | | \__ \     |
[2025-05-14 06:54:38Z INFO Terminal] WRITE LINE: |       \____|_|\__|_| |_|\__,_|_.__/  /_/   \_\___|\__|_|\___/|_| |_|___/     |
[2025-05-14 06:54:38Z INFO Terminal] WRITE LINE: |                                                                              |
[2025-05-14 06:54:38Z INFO Terminal] WRITE: |                       
[2025-05-14 06:54:38Z INFO Terminal] WRITE: Self-hosted runner registration
[2025-05-14 06:54:38Z INFO Terminal] WRITE LINE:                         |
[2025-05-14 06:54:38Z INFO Terminal] WRITE LINE: |                                                                              |
[2025-05-14 06:54:38Z INFO Terminal] WRITE LINE: --------------------------------------------------------------------------------
[2025-05-14 06:54:38Z INFO ConfigurationManager] ConfigureAsync
[2025-05-14 06:54:38Z INFO CommandSettings] Flag 'generateServiceConfig': 'False'
[2025-05-14 06:54:38Z INFO ConfigurationStore] IsConfigured()
[2025-05-14 06:54:38Z INFO ConfigurationStore] IsConfigured: False
[2025-05-14 06:54:38Z INFO ConfigurationManager] Is configured: False
[2025-05-14 06:54:38Z INFO CommandSettings] Arg 'url': 'https://github.com/karan-wakade/smu'
[2025-05-14 06:54:38Z INFO CommandSettings] Remove url from Arg dictionary.
[2025-05-14 06:54:38Z INFO CommandSettings] Arg 'token': '***'
[2025-05-14 06:54:38Z INFO CommandSettings] Remove token from Arg dictionary.
[2025-05-14 06:54:40Z INFO ConfigurationManager] Http response code: OK from 'POST https://api.github.com/actions/runner-registration' (1BF4:9E480:276EF4:31BBD1:68243E33)
[2025-05-14 06:54:40Z INFO ConfigurationManager] Using V2 flow: False
[2025-05-14 06:54:40Z INFO ConfigurationManager] cred retrieved via GitHub auth
[2025-05-14 06:54:40Z INFO RunnerServer] EstablishVssConnection
[2025-05-14 06:54:40Z INFO RunnerServer] Establish connection with 100 seconds timeout.
[2025-05-14 06:54:40Z INFO GitHubActionsService] Starting operation Location.GetConnectionData
[2025-05-14 06:54:40Z INFO RunnerServer] EstablishVssConnection
[2025-05-14 06:54:40Z INFO RunnerServer] Establish connection with 60 seconds timeout.
[2025-05-14 06:54:40Z INFO GitHubActionsService] Starting operation Location.GetConnectionData
[2025-05-14 06:54:40Z INFO RunnerServer] EstablishVssConnection
[2025-05-14 06:54:40Z INFO RunnerServer] Establish connection with 60 seconds timeout.
[2025-05-14 06:54:40Z INFO GitHubActionsService] Starting operation Location.GetConnectionData
[2025-05-14 06:54:41Z INFO GitHubActionsService] Finished operation Location.GetConnectionData
[2025-05-14 06:54:41Z INFO GitHubActionsService] Finished operation Location.GetConnectionData
[2025-05-14 06:54:41Z INFO GitHubActionsService] Finished operation Location.GetConnectionData
[2025-05-14 06:54:42Z INFO Terminal] WRITE LINE: 
[2025-05-14 06:54:42Z INFO ConfigurationManager] Test Connection complete.
[2025-05-14 06:54:42Z INFO HostContext] Well known directory 'Bin': 'D:\projects\philips\satmeup\.github-runner\bin'
[2025-05-14 06:54:42Z INFO HostContext] Well known directory 'Root': 'D:\projects\philips\satmeup\.github-runner'
[2025-05-14 06:54:42Z INFO HostContext] Well known config file 'RSACredentials': 'D:\projects\philips\satmeup\.github-runner\.credentials_rsaparams'
[2025-05-14 06:54:42Z INFO RSAEncryptedFileKeyManager] Found existing RSA key parameters file D:\projects\philips\satmeup\.github-runner\.credentials_rsaparams
[2025-05-14 06:54:42Z INFO CommandSettings] Arg 'runnergroup': ''
[2025-05-14 06:54:42Z INFO CommandSettings] Flag 'unattended': 'False'
[2025-05-14 06:54:42Z INFO PromptManager] ReadValue
[2025-05-14 06:54:42Z INFO Terminal] WRITE: Enter the name of the runner group to add this runner to: 
[2025-05-14 06:54:42Z INFO Terminal] WRITE: [press Enter for Default] 
[2025-05-14 06:54:42Z INFO Terminal] READ LINE
[2025-05-14 06:54:44Z INFO Terminal] Read value: ''
[2025-05-14 06:54:44Z INFO PromptManager] Falling back to the default: 'Default'
[2025-05-14 06:54:44Z INFO Terminal] WRITE LINE: 
[2025-05-14 06:54:44Z INFO ConfigurationManager] Found a self-hosted runner group with id 1 and name Default
[2025-05-14 06:54:44Z INFO CommandSettings] Flag 'disableupdate': 'False'
[2025-05-14 06:54:44Z INFO CommandSettings] Flag 'ephemeral': 'False'
[2025-05-14 06:54:44Z INFO CommandSettings] Arg 'name': 'Local-Minikube-Runner'
[2025-05-14 06:54:44Z INFO CommandSettings] Remove name from Arg dictionary.
[2025-05-14 06:54:44Z INFO Terminal] WRITE LINE: 
[2025-05-14 06:54:44Z INFO CommandSettings] Arg 'labels': 'minikube,kubernetes'
[2025-05-14 06:54:44Z INFO CommandSettings] Remove labels from Arg dictionary.
[2025-05-14 06:54:44Z INFO Terminal] WRITE LINE: 
[2025-05-14 06:54:44Z INFO CommandSettings] Flag 'disableupdate': 'False'
[2025-05-14 06:54:44Z INFO CommandSettings] Flag 'no-default-labels': 'False'
[2025-05-14 06:54:45Z INFO CommandSettings] Flag 'disableupdate': 'False'
[2025-05-14 06:54:45Z INFO CommandSettings] Flag 'ephemeral': 'False'
[2025-05-14 06:54:45Z INFO ConfigurationStore] Saving OAuth credential @ D:\projects\philips\satmeup\.github-runner\.credentials
[2025-05-14 06:54:45Z INFO ConfigurationStore] Credentials Saved.
[2025-05-14 06:54:45Z INFO ConfigurationStore] HasCredentials()
[2025-05-14 06:54:45Z INFO ConfigurationStore] stored True
[2025-05-14 06:54:45Z INFO CredentialManager] GetCredentialProvider
[2025-05-14 06:54:45Z INFO CredentialManager] Creating type OAuth
[2025-05-14 06:54:45Z INFO CredentialManager] Creating credential type: OAuth
[2025-05-14 06:54:45Z INFO RSAEncryptedFileKeyManager] Loading RSA key parameters from file D:\projects\philips\satmeup\.github-runner\.credentials_rsaparams
[2025-05-14 06:54:45Z INFO RunnerServer] EstablishVssConnection
[2025-05-14 06:54:45Z INFO RunnerServer] Establish connection with 100 seconds timeout.
[2025-05-14 06:54:45Z INFO GitHubActionsService] Starting operation Location.GetConnectionData
[2025-05-14 06:54:45Z INFO RunnerServer] EstablishVssConnection
[2025-05-14 06:54:45Z INFO RunnerServer] Establish connection with 60 seconds timeout.
[2025-05-14 06:54:45Z INFO GitHubActionsService] Starting operation Location.GetConnectionData
[2025-05-14 06:54:45Z INFO RunnerServer] EstablishVssConnection
[2025-05-14 06:54:45Z INFO RunnerServer] Establish connection with 60 seconds timeout.
[2025-05-14 06:54:45Z INFO GitHubActionsService] Starting operation Location.GetConnectionData
[2025-05-14 06:54:46Z INFO GitHubActionsService] Finished operation Location.GetConnectionData
[2025-05-14 06:54:46Z INFO GitHubActionsService] Finished operation Location.GetConnectionData
[2025-05-14 06:54:46Z INFO GitHubActionsService] Finished operation Location.GetConnectionData
[2025-05-14 06:54:47Z INFO RSAEncryptedFileKeyManager] Loading RSA key parameters from file D:\projects\philips\satmeup\.github-runner\.credentials_rsaparams
[2025-05-14 06:54:47Z INFO RSAEncryptedFileKeyManager] Loading RSA key parameters from file D:\projects\philips\satmeup\.github-runner\.credentials_rsaparams
[2025-05-14 06:54:48Z INFO GitHubActionsService] AAD Correlation ID for this token request: Unknown
[2025-05-14 06:54:48Z INFO CommandSettings] Arg 'work': 'D:\projects\philips\satmeup\.github-runner\_work'
[2025-05-14 06:54:48Z INFO CommandSettings] Remove work from Arg dictionary.
[2025-05-14 06:54:48Z INFO ConfigurationStore] Saving runner settings.
[2025-05-14 06:54:48Z INFO ConfigurationStore] Settings Saved.
[2025-05-14 06:54:48Z INFO Terminal] WRITE LINE: 
[2025-05-14 06:54:48Z INFO Terminal] WRITE LINE: 
[2025-05-14 06:54:48Z INFO CommandSettings] Flag 'runasservice': 'False'
[2025-05-14 06:54:48Z INFO CommandSettings] Flag 'unattended': 'False'
[2025-05-14 06:54:48Z INFO PromptManager] ReadValue
[2025-05-14 06:54:48Z INFO Terminal] WRITE: Would you like to run the runner as service? (Y/N) 
[2025-05-14 06:54:48Z INFO Terminal] WRITE: [press Enter for N] 
[2025-05-14 06:54:48Z INFO Terminal] READ LINE
[2025-05-14 06:55:03Z INFO Terminal] Read value: 'y'
[2025-05-14 06:55:03Z INFO ConfigurationManager] Configuring to run the agent as service
[2025-05-14 06:55:03Z INFO CommandSettings] Arg 'windowslogonaccount': ''
[2025-05-14 06:55:03Z INFO CommandSettings] Flag 'unattended': 'False'
[2025-05-14 06:55:03Z INFO PromptManager] ReadValue
[2025-05-14 06:55:03Z INFO Terminal] WRITE: User account to use for the service 
[2025-05-14 06:55:03Z INFO Terminal] WRITE: [press Enter for NT AUTHORITY\NETWORK SERVICE] 
[2025-05-14 06:55:03Z INFO Terminal] READ LINE
[2025-05-14 06:55:11Z INFO Terminal] Read value: ''
[2025-05-14 06:55:11Z INFO PromptManager] Falling back to the default: 'NT AUTHORITY\NETWORK SERVICE'
[2025-05-14 06:55:11Z INFO WindowsServiceControlManager] LogonAccount after transforming: NT AUTHORITY\NETWORK SERVICE, user: NETWORK SERVICE, domain: NT AUTHORITY
[2025-05-14 06:55:12Z INFO WindowsServiceControlManager] Service name 'actions.runner.karan-wakade-smu.Local-Minikube-Runner' display name 'GitHub Actions Runner (karan-wakade-smu.Local-Minikube-Runner)' will be used for service configuration.
[2025-05-14 06:55:12Z INFO WindowsServiceControlManager] Verifying if the account has LogonAsService permission
[2025-05-14 06:55:12Z INFO NativeWindowsServiceHelper] Successfully grant logon as service privilege to account 'NETWORK SERVICE'
[2025-05-14 06:55:12Z INFO WindowsServiceControlManager] Create local group and grant folder permission to service logon account.
[2025-05-14 06:55:12Z INFO HostContext] Well known directory 'Bin': 'D:\projects\philips\satmeup\.github-runner\bin'
[2025-05-14 06:55:12Z INFO HostContext] Well known directory 'Root': 'D:\projects\philips\satmeup\.github-runner'
[2025-05-14 06:55:12Z INFO ConfigurationStore] Read setting file: 360 chars
[2025-05-14 06:55:12Z INFO HostContext] Well known directory 'Bin': 'D:\projects\philips\satmeup\.github-runner\bin'
[2025-05-14 06:55:12Z INFO HostContext] Well known directory 'Root': 'D:\projects\philips\satmeup\.github-runner'
[2025-05-14 06:55:12Z INFO HostContext] Well known directory 'Work': 'D:\projects\philips\satmeup\.github-runner\_work'
[2025-05-14 06:55:12Z INFO HostContext] Well known directory 'Bin': 'D:\projects\philips\satmeup\.github-runner\bin'
[2025-05-14 06:55:12Z INFO NativeWindowsServiceHelper] Calculated unique group name GITHUB_ActionsRunner_Gc33df
[2025-05-14 06:55:12Z INFO NativeWindowsServiceHelper] Trying to create group GITHUB_ActionsRunner_Gc33df
[2025-05-14 06:55:12Z INFO NativeWindowsServiceHelper] Local Group 'GITHUB_ActionsRunner_Gc33df' created
[2025-05-14 06:55:12Z INFO NativeWindowsServiceHelper] Trying to add userName NT AUTHORITY\NETWORK SERVICE to the group GITHUB_ActionsRunner_Gc33df
[2025-05-14 06:55:12Z INFO NativeWindowsServiceHelper] Account 'NT AUTHORITY\NETWORK SERVICE' is added to local group 'GITHUB_ActionsRunner_Gc33df'.
[2025-05-14 06:55:12Z INFO NativeWindowsServiceHelper] Set full access control to group for the folder D:\projects\philips\satmeup\.github-runner
[2025-05-14 06:55:12Z INFO NativeWindowsServiceHelper] Set full access control to group for the folder D:\projects\philips\satmeup\.github-runner\_work
[2025-05-14 06:55:12Z INFO NativeWindowsServiceHelper] Local group 'GITHUB_ActionsRunner_Gc33df' already has full control to path 'D:\projects\philips\satmeup\.github-runner\_work'.
[2025-05-14 06:55:12Z INFO Terminal] WRITE LINE: Granting file permissions to 'NT AUTHORITY\NETWORK SERVICE'.
[2025-05-14 06:55:12Z INFO HostContext] Well known directory 'Bin': 'D:\projects\philips\satmeup\.github-runner\bin'
[2025-05-14 06:55:12Z INFO ProcessInvokerWrapper] Starting process:
[2025-05-14 06:55:12Z INFO ProcessInvokerWrapper]   File name: '"D:\projects\philips\satmeup\.github-runner\bin\RunnerService.exe"'
[2025-05-14 06:55:12Z INFO ProcessInvokerWrapper]   Arguments: 'init'
[2025-05-14 06:55:12Z INFO ProcessInvokerWrapper]   Working directory: ''
[2025-05-14 06:55:12Z INFO ProcessInvokerWrapper]   Require exit code zero: 'True'
[2025-05-14 06:55:12Z INFO ProcessInvokerWrapper]   Encoding web name:  ; code page: ''
[2025-05-14 06:55:12Z INFO ProcessInvokerWrapper]   Force kill process on cancellation: 'False'
[2025-05-14 06:55:12Z INFO ProcessInvokerWrapper]   Redirected STDIN: 'False'
[2025-05-14 06:55:12Z INFO ProcessInvokerWrapper]   Persist current code page: 'False'
[2025-05-14 06:55:12Z INFO ProcessInvokerWrapper]   Keep redirected STDIN open: 'False'
[2025-05-14 06:55:12Z INFO ProcessInvokerWrapper]   High priority process: 'False'
[2025-05-14 06:55:12Z INFO ProcessInvokerWrapper] Process started with process id 14940, waiting for process exit.
[2025-05-14 06:55:16Z INFO ProcessInvokerWrapper] STDOUT/STDERR stream read finished.
[2025-05-14 06:55:16Z INFO ProcessInvokerWrapper] STDOUT/STDERR stream read finished.
[2025-05-14 06:55:16Z INFO ProcessInvokerWrapper] Finished process 14940 with exit code 0, and elapsed time 00:00:03.5954096.
[2025-05-14 06:55:16Z INFO Terminal] WRITE LINE: Service actions.runner.karan-wakade-smu.Local-Minikube-Runner successfully installed
[2025-05-14 06:55:16Z INFO Terminal] WRITE LINE: Service actions.runner.karan-wakade-smu.Local-Minikube-Runner successfully set recovery option
[2025-05-14 06:55:16Z INFO Terminal] WRITE LINE: Service actions.runner.karan-wakade-smu.Local-Minikube-Runner successfully set to delayed auto start
[2025-05-14 06:55:16Z INFO Terminal] WRITE LINE: Service actions.runner.karan-wakade-smu.Local-Minikube-Runner successfully configured
[2025-05-14 06:55:16Z INFO HostContext] Well known directory 'Bin': 'D:\projects\philips\satmeup\.github-runner\bin'
[2025-05-14 06:55:16Z INFO HostContext] Well known directory 'Root': 'D:\projects\philips\satmeup\.github-runner'
[2025-05-14 06:55:16Z INFO HostContext] Well known config file 'Service': 'D:\projects\philips\satmeup\.github-runner\.service'
[2025-05-14 06:55:16Z INFO WindowsServiceControlManager] Configuration was successful, trying to start the service
[2025-05-14 06:55:16Z INFO Terminal] WRITE LINE: Waiting for service to start...
[2025-05-14 06:55:16Z INFO Terminal] WRITE LINE: Service actions.runner.karan-wakade-smu.Local-Minikube-Runner started successfully
[2025-05-14 06:55:16Z INFO Listener] Runner execution has finished with return code 0
